0 info it worked if it ends with ok
1 verbose cli [ '/home/drivezero/.nvm/versions/node/v0.12.9/bin/node',
1 verbose cli   '/home/drivezero/.nvm/versions/node/v0.12.9/bin/npm',
1 verbose cli   'run',
1 verbose cli   'app' ]
2 info using npm@2.14.9
3 info using node@v0.12.9
4 verbose stack Error: missing script: app
4 verbose stack     at run (/home/drivezero/.nvm/versions/node/v0.12.9/lib/node_modules/npm/lib/run-script.js:142:19)
4 verbose stack     at /home/drivezero/.nvm/versions/node/v0.12.9/lib/node_modules/npm/lib/run-script.js:58:5
4 verbose stack     at /home/drivezero/.nvm/versions/node/v0.12.9/lib/node_modules/npm/node_modules/read-package-json/read-json.js:345:5
4 verbose stack     at checkBinReferences_ (/home/drivezero/.nvm/versions/node/v0.12.9/lib/node_modules/npm/node_modules/read-package-json/read-json.js:309:45)
4 verbose stack     at final (/home/drivezero/.nvm/versions/node/v0.12.9/lib/node_modules/npm/node_modules/read-package-json/read-json.js:343:3)
4 verbose stack     at then (/home/drivezero/.nvm/versions/node/v0.12.9/lib/node_modules/npm/node_modules/read-package-json/read-json.js:113:5)
4 verbose stack     at /home/drivezero/.nvm/versions/node/v0.12.9/lib/node_modules/npm/node_modules/read-package-json/read-json.js:300:12
4 verbose stack     at /home/drivezero/.nvm/versions/node/v0.12.9/lib/node_modules/npm/node_modules/graceful-fs/graceful-fs.js:76:16
4 verbose stack     at fs.js:334:14
4 verbose stack     at /home/drivezero/.nvm/versions/node/v0.12.9/lib/node_modules/npm/node_modules/graceful-fs/graceful-fs.js:42:10
5 verbose cwd /home/drivezero/code/newedenfaces
6 error Linux 4.3.4-300.fc23.x86_64
7 error argv "/home/drivezero/.nvm/versions/node/v0.12.9/bin/node" "/home/drivezero/.nvm/versions/node/v0.12.9/bin/npm" "run" "app"
8 error node v0.12.9
9 error npm  v2.14.9
10 error missing script: app
11 error If you need help, you may report this error at:
11 error     <https://github.com/npm/npm/issues>
12 verbose exit [ 1, true ]
